<?xml version="1.0" encoding="UTF-8"?>
<!-- Generated by org.testng.reporters.JUnitXMLReporter -->
<testsuite ignored="0" hostname="ROSHAN-VAS" failures="0" tests="3" name="Test" time="0.05" errors="0" timestamp="07 Aug 2020 12:29:00 GMT">
  <testcase classname="testng.TestNgAnnotation_2" name="test3" time="0.008"/>
  <testcase classname="testng.TestNgAnnotation_1" name="test1" time="0.002"/>
  <testcase classname="testng.TestNgAnnotation_1" name="test2" time="0.001"/>
</testsuite> <!-- Test -->
