<?xml version="1.0" encoding="UTF-8"?>
<testng-results ignored="0" total="1" passed="1" failed="0" skipped="0">
  <reporter-output>
  </reporter-output>
  <suite started-at="2020-08-11T12:25:20Z" name="Default suite" finished-at="2020-08-11T12:25:29Z" duration-ms="8733">
    <groups>
    </groups>
    <test started-at="2020-08-11T12:25:20Z" name="Default test" finished-at="2020-08-11T12:25:29Z" duration-ms="8733">
      <class name="testcases.LoginApplication">
        <test-method signature="Login()[pri:0, instance:testcases.LoginApplication@5af97850]" started-at="2020-08-11T17:55:20Z" name="Login" finished-at="2020-08-11T17:55:29Z" duration-ms="8686" status="PASS">
          <reporter-output>
          </reporter-output>
        </test-method> <!-- Login -->
      </class> <!-- testcases.LoginApplication -->
    </test> <!-- Default test -->
  </suite> <!-- Default suite -->
</testng-results>
